<?xml version="1.0" encoding="UTF-8"?>
<!-- Generated by org.testng.reporters.JUnitReportReporter -->
<testsuite skipped="0" hostname="DESKTOP-JT7PQM5" name="com.selenium.example.Handle_Dyanamic_Webtable" tests="2" failures="0" timestamp="16 Nov 2017 18:27:53 GMT" time="10.754" errors="0">
  <testcase name="maincode" time="3.882" classname="com.selenium.example.Handle_Dyanamic_Webtable"/>
  <testcase name="deleteuser" time="6.872" classname="com.selenium.example.Handle_Dyanamic_Webtable"/>
</testsuite> <!-- com.selenium.example.Handle_Dyanamic_Webtable -->
