<?xml version="1.0" encoding="UTF-8"?>
<!-- Generated by org.testng.reporters.JUnitReportReporter -->
<testsuite skipped="0" hostname="DESKTOP-JT7PQM5" name="com.selenium.example.Handle_Alert_Box" tests="1" failures="0" timestamp="12 Nov 2017 10:03:32 GMT" time="2.214" errors="0">
  <testcase name="logic" time="2.214" classname="com.selenium.example.Handle_Alert_Box"/>
</testsuite> <!-- com.selenium.example.Handle_Alert_Box -->
