<?xml version="1.0" encoding="UTF-8"?>
<!-- Generated by org.testng.reporters.JUnitReportReporter -->
<testsuite skipped="0" hostname="DESKTOP-JT7PQM5" name="com.selenium.example.openBrowser_incognito" tests="1" failures="0" timestamp="12 Nov 2017 05:10:59 GMT" time="0.029" errors="0">
  <testcase name="login" time="0.029" classname="com.selenium.example.openBrowser_incognito"/>
</testsuite> <!-- com.selenium.example.openBrowser_incognito -->
