<?xml version="1.0" encoding="UTF-8"?>
<!-- Generated by org.testng.reporters.JUnitReportReporter -->
<testsuite skipped="0" hostname="DESKTOP-JT7PQM5" name="com.selenium.example.AlertBoxex" tests="1" failures="0" timestamp="12 Nov 2017 05:35:55 GMT" time="0.290" errors="0">
  <testcase name="logic" time="0.290" classname="com.selenium.example.AlertBoxex"/>
</testsuite> <!-- com.selenium.example.AlertBoxex -->
