<?xml version="1.0" encoding="UTF-8"?>
<!-- Generated by org.testng.reporters.JUnitReportReporter -->
<testsuite skipped="0" hostname="DESKTOP-JT7PQM5" name="com.selenium.example.Screen_Shot" tests="1" failures="0" timestamp="25 Nov 2017 16:37:27 GMT" time="0.480" errors="0">
  <testcase name="sceenshot" time="0.480" classname="com.selenium.example.Screen_Shot"/>
</testsuite> <!-- com.selenium.example.Screen_Shot -->
