<?xml version="1.0" encoding="UTF-8"?>
<!-- Generated by org.testng.reporters.JUnitReportReporter -->
<testsuite skipped="0" hostname="DESKTOP-JT7PQM5" name="com.selenium.example.Webtable" tests="2" failures="0" timestamp="14 Nov 2017 04:32:41 GMT" time="6.239" errors="0">
  <testcase name="assertion_softAssertion" time="3.966" classname="com.selenium.example.Webtable"/>
  <testcase name="table" time="2.273" classname="com.selenium.example.Webtable"/>
</testsuite> <!-- com.selenium.example.Webtable -->
