<?xml version="1.0" encoding="UTF-8"?>
<!-- Generated by org.testng.reporters.JUnitReportReporter -->
<testsuite skipped="0" hostname="DESKTOP-JT7PQM5" name="com.selenium.example.Window_Handles" tests="1" failures="0" timestamp="15 Nov 2017 03:13:05 GMT" time="20.561" errors="0">
  <testcase name="mainlogic" time="20.561" classname="com.selenium.example.Window_Handles"/>
</testsuite> <!-- com.selenium.example.Window_Handles -->
