<?xml version="1.0" encoding="UTF-8"?>
<!-- Generated by org.testng.reporters.JUnitReportReporter -->
<testsuite skipped="0" hostname="DESKTOP-JT7PQM5" name="com.selenium.example.TakeSceenShot" tests="1" failures="0" timestamp="22 Nov 2017 13:48:24 GMT" time="5.332" errors="0">
  <testcase name="logic" time="5.332" classname="com.selenium.example.TakeSceenShot"/>
</testsuite> <!-- com.selenium.example.TakeSceenShot -->
