<?xml version="1.0" encoding="UTF-8"?>
<!-- Generated by org.testng.reporters.JUnitReportReporter -->
<testsuite skipped="0" hostname="DESKTOP-JT7PQM5" name="com.selenium.example.Close_Naukri_Alert" tests="1" failures="0" timestamp="18 Nov 2017 02:58:55 GMT" time="16.839" errors="0">
  <testcase name="popup" time="16.839" classname="com.selenium.example.Close_Naukri_Alert"/>
</testsuite> <!-- com.selenium.example.Close_Naukri_Alert -->
