<?xml version="1.0" encoding="UTF-8"?>
<!-- Generated by org.testng.reporters.JUnitReportReporter -->
<testsuite skipped="0" hostname="DESKTOP-JT7PQM5" name="com.selenium.example.Window_handle_5th_nov_2017" tests="1" failures="0" timestamp="14 Nov 2017 03:30:15 GMT" time="4.426" errors="0">
  <testcase name="Logic" time="4.426" classname="com.selenium.example.Window_handle_5th_nov_2017"/>
</testsuite> <!-- com.selenium.example.Window_handle_5th_nov_2017 -->
