<?xml version="1.0" encoding="UTF-8"?>
<!-- Generated by org.testng.reporters.JUnitReportReporter -->
<testsuite skipped="0" hostname="DESKTOP-JT7PQM5" name="com.selenium.example.Webtable_Paygrades" tests="2" failures="0" timestamp="16 Nov 2017 18:41:17 GMT" time="14.792" errors="0">
  <testcase name="manlogic" time="3.997" classname="com.selenium.example.Webtable_Paygrades"/>
  <testcase name="DeletePaygrades" time="10.795" classname="com.selenium.example.Webtable_Paygrades"/>
</testsuite> <!-- com.selenium.example.Webtable_Paygrades -->
